# JRE version: OpenJDK Runtime Environment (17.0.12+7) (build 17.0.12+7-Ubuntu-1ubuntu224.04)
# Java VM: OpenJDK 64-Bit Server VM (17.0.12+7-Ubuntu-1ubuntu224.04, mixed mode, sharing, tiered, compressed oops, compressed class ptrs, g1 gc, linux-amd64)
GC Precious Log:
 CPUs: 28 total, 28 available
 Memory: 15797M
 Large Page Support: Disabled
 NUMA Support: Disabled
 Compressed Oops: Enabled (Zero based)
 Heap Region Size: 2M
 Heap Min Capacity: 8M
 Heap Initial Capacity: 248M
 Heap Max Capacity: 3950M
 Pre-touch: Disabled
 Parallel Workers: 20
 Concurrent Workers: 5
 Concurrent Refinement Workers: 20
 Periodic GC: Disabled
Heap:
 garbage-first heap   total 311296K, used 113953K [0x0000000709200000, 0x0000000800000000)
  region size 2048K, 11 young (22528K), 7 survivors (14336K)
 Metaspace       used 36570K, committed 37056K, reserved 1114112K
  class space    used 4206K, committed 4416K, reserved 1048576K
GC Heap History (18 events):
Event: 0.719 GC heap before
{Heap before GC invocations=0 (full 0):
 garbage-first heap   total 258048K, used 24496K [0x0000000709200000, 0x0000000800000000)
  region size 2048K, 11 young (22528K), 0 survivors (0K)
 Metaspace       used 5677K, committed 5888K, reserved 1114112K
  class space    used 671K, committed 768K, reserved 1048576K
}
Event: 0.726 GC heap after
{Heap after GC invocations=1 (full 0):
 garbage-first heap   total 258048K, used 5402K [0x0000000709200000, 0x0000000800000000)
  region size 2048K, 2 young (4096K), 2 survivors (4096K)
 Metaspace       used 5677K, committed 5888K, reserved 1114112K
  class space    used 671K, committed 768K, reserved 1048576K
}
Event: 1.608 GC heap before
{Heap before GC invocations=1 (full 0):
 garbage-first heap   total 258048K, used 42266K [0x0000000709200000, 0x0000000800000000)
  region size 2048K, 20 young (40960K), 2 survivors (4096K)
 Metaspace       used 11372K, committed 11520K, reserved 1114112K
  class space    used 1387K, committed 1472K, reserved 1048576K
}
Event: 1.617 GC heap after
{Heap after GC invocations=2 (full 0):
 garbage-first heap   total 258048K, used 7095K [0x0000000709200000, 0x0000000800000000)
  region size 2048K, 3 young (6144K), 3 survivors (6144K)
 Metaspace       used 11372K, committed 11520K, reserved 1114112K
  class space    used 1387K, committed 1472K, reserved 1048576K
}
Event: 3.629 GC heap before
{Heap before GC invocations=2 (full 0):
 garbage-first heap   total 258048K, used 152503K [0x0000000709200000, 0x0000000800000000)
  region size 2048K, 74 young (151552K), 3 survivors (6144K)
 Metaspace       used 16808K, committed 17024K, reserved 1114112K
  class space    used 1899K, committed 1984K, reserved 1048576K
}
Event: 3.651 GC heap after
{Heap after GC invocations=3 (full 0):
 garbage-first heap   total 258048K, used 23850K [0x0000000709200000, 0x0000000800000000)
  region size 2048K, 10 young (20480K), 10 survivors (20480K)
 Metaspace       used 16808K, committed 17024K, reserved 1114112K
  class space    used 1899K, committed 1984K, reserved 1048576K
}
Event: 4.523 GC heap before
{Heap before GC invocations=3 (full 0):
 garbage-first heap   total 258048K, used 142634K [0x0000000709200000, 0x0000000800000000)
  region size 2048K, 68 young (139264K), 10 survivors (20480K)
 Metaspace       used 18845K, committed 19136K, reserved 1114112K
  class space    used 2094K, committed 2240K, reserved 1048576K
}
Event: 4.549 GC heap after
{Heap after GC invocations=4 (full 0):
 garbage-first heap   total 258048K, used 41392K [0x0000000709200000, 0x0000000800000000)
  region size 2048K, 9 young (18432K), 9 survivors (18432K)
 Metaspace       used 18845K, committed 19136K, reserved 1114112K
  class space    used 2094K, committed 2240K, reserved 1048576K
}
Event: 4.955 GC heap before
{Heap before GC invocations=4 (full 0):
 garbage-first heap   total 258048K, used 160176K [0x0000000709200000, 0x0000000800000000)
  region size 2048K, 67 young (137216K), 9 survivors (18432K)
 Metaspace       used 18975K, committed 19264K, reserved 1114112K
  class space    used 2097K, committed 2240K, reserved 1048576K
}
Event: 4.977 GC heap after
{Heap after GC invocations=5 (full 0):
 garbage-first heap   total 258048K, used 67504K [0x0000000709200000, 0x0000000800000000)
  region size 2048K, 9 young (18432K), 9 survivors (18432K)
 Metaspace       used 18975K, committed 19264K, reserved 1114112K
  class space    used 2097K, committed 2240K, reserved 1048576K
}
Event: 5.461 GC heap before
{Heap before GC invocations=5 (full 0):
 garbage-first heap   total 258048K, used 176048K [0x0000000709200000, 0x0000000800000000)
  region size 2048K, 62 young (126976K), 9 survivors (18432K)
 Metaspace       used 19112K, committed 19392K, reserved 1114112K
  class space    used 2104K, committed 2240K, reserved 1048576K
}
Event: 5.487 GC heap after
{Heap after GC invocations=6 (full 0):
 garbage-first heap   total 311296K, used 91489K [0x0000000709200000, 0x0000000800000000)
  region size 2048K, 8 young (16384K), 8 survivors (16384K)
 Metaspace       used 19112K, committed 19392K, reserved 1114112K
  class space    used 2104K, committed 2240K, reserved 1048576K
}
Event: 6.318 GC heap before
{Heap before GC invocations=6 (full 0):
 garbage-first heap   total 311296K, used 212321K [0x0000000709200000, 0x0000000800000000)
  region size 2048K, 67 young (137216K), 8 survivors (16384K)
 Metaspace       used 20553K, committed 20800K, reserved 1114112K
  class space    used 2245K, committed 2368K, reserved 1048576K
}
Event: 6.331 GC heap after
{Heap after GC invocations=7 (full 0):
 garbage-first heap   total 311296K, used 96709K [0x0000000709200000, 0x0000000800000000)
  region size 2048K, 2 young (4096K), 2 survivors (4096K)
 Metaspace       used 20553K, committed 20800K, reserved 1114112K
  class space    used 2245K, committed 2368K, reserved 1048576K
}
Event: 6.947 GC heap before
{Heap before GC invocations=7 (full 0):
 garbage-first heap   total 311296K, used 215493K [0x0000000709200000, 0x0000000800000000)
  region size 2048K, 58 young (118784K), 2 survivors (4096K)
 Metaspace       used 21230K, committed 21504K, reserved 1114112K
  class space    used 2276K, committed 2432K, reserved 1048576K
}
Event: 6.956 GC heap after
{Heap after GC invocations=8 (full 0):
 garbage-first heap   total 311296K, used 103144K [0x0000000709200000, 0x0000000800000000)
  region size 2048K, 5 young (10240K), 5 survivors (10240K)
 Metaspace       used 21230K, committed 21504K, reserved 1114112K
  class space    used 2276K, committed 2432K, reserved 1048576K
}
Event: 9.137 GC heap before
{Heap before GC invocations=9 (full 0):
 garbage-first heap   total 311296K, used 199400K [0x0000000709200000, 0x0000000800000000)
  region size 2048K, 53 young (108544K), 5 survivors (10240K)
 Metaspace       used 36482K, committed 36800K, reserved 1114112K
  class space    used 4194K, committed 4352K, reserved 1048576K
}
Event: 9.150 GC heap after
{Heap after GC invocations=10 (full 0):
 garbage-first heap   total 311296K, used 107809K [0x0000000709200000, 0x0000000800000000)
  region size 2048K, 7 young (14336K), 7 survivors (14336K)
 Metaspace       used 36482K, committed 36800K, reserved 1114112K
  class space    used 4194K, committed 4352K, reserved 1048576K
}

